<?xml version="1.0" encoding="UTF-8"?>
<testng-results ignored="0" total="2" passed="2" failed="0" skipped="0">
  <reporter-output>
  </reporter-output>
  <suite started-at="2021-02-23T14:35:02 IST" name="Suite" finished-at="2021-02-23T14:35:22 IST" duration-ms="20239">
    <groups>
    </groups>
    <test started-at="2021-02-23T14:35:02 IST" name="Test for Firefox" finished-at="2021-02-23T14:35:20 IST" duration-ms="18458">
      <class name="testcases.facebook">
        <test-method signature="launchBrowser(java.lang.String)[pri:0, instance:testcases.facebook@2fb3536e]" started-at="2021-02-23T14:35:02 IST" name="launchBrowser" finished-at="2021-02-23T14:35:20 IST" duration-ms="18300" status="PASS">
          <params>
            <param index="0">
              <value>
                <![CDATA[firefox]]>
              </value>
            </param>
          </params>
          <reporter-output>
          </reporter-output>
        </test-method> <!-- launchBrowser -->
      </class> <!-- testcases.facebook -->
    </test> <!-- Test for Firefox -->
    <test started-at="2021-02-23T14:35:02 IST" name="Test for Chrome" finished-at="2021-02-23T14:35:22 IST" duration-ms="20239">
      <class name="testcases.facebook">
        <test-method signature="launchBrowser(java.lang.String)[pri:0, instance:testcases.facebook@5d0a1059]" started-at="2021-02-23T14:35:02 IST" name="launchBrowser" finished-at="2021-02-23T14:35:22 IST" duration-ms="20098" status="PASS">
          <params>
            <param index="0">
              <value>
                <![CDATA[chrome]]>
              </value>
            </param>
          </params>
          <reporter-output>
          </reporter-output>
        </test-method> <!-- launchBrowser -->
      </class> <!-- testcases.facebook -->
    </test> <!-- Test for Chrome -->
  </suite> <!-- Suite -->
</testng-results>
